<?xml version="1.0" encoding="UTF-8"?>
<!-- Generated by org.testng.reporters.JUnitReportReporter -->
<testsuite hostname="DESKTOP-4K2IFQ7" failures="0" tests="4" name="tests.LoginTest" time="1.161" errors="0" timestamp="2023-07-16T00:17:20 IST" skipped="0">
  <testcase classname="tests.LoginTest" name="loginPageTitleTest" time="0.037"/>
  <testcase classname="tests.LoginTest" name="loginPageURLTest" time="0.045"/>
  <testcase classname="tests.LoginTest" name="isForgotPwdLinkExistTest" time="0.124"/>
  <testcase classname="tests.LoginTest" name="doLogin" time="0.955"/>
</testsuite> <!-- tests.LoginTest -->
